c:\users\aleca\source\repos\bengine\bengine\debug\bengine.pch
c:\users\aleca\source\repos\bengine\bengine\debug\bengine.pdb
c:\users\aleca\source\repos\bengine\bengine\debug\bengine.idb
c:\users\aleca\source\repos\bengine\bengine\debug\pch.obj
c:\users\aleca\source\repos\bengine\bengine\debug\texturecache.obj
c:\users\aleca\source\repos\bengine\bengine\debug\spritebatch.obj
c:\users\aleca\source\repos\bengine\bengine\debug\sprite.obj
c:\users\aleca\source\repos\bengine\bengine\debug\screenlist.obj
c:\users\aleca\source\repos\bengine\bengine\debug\resourcemanager.obj
c:\users\aleca\source\repos\bengine\bengine\debug\picopng.obj
c:\users\aleca\source\repos\bengine\bengine\debug\particleengine2d.obj
c:\users\aleca\source\repos\bengine\bengine\debug\particlebatch2d.obj
c:\users\aleca\source\repos\bengine\bengine\debug\iomanager.obj
c:\users\aleca\source\repos\bengine\bengine\debug\inputmanager.obj
c:\users\aleca\source\repos\bengine\bengine\debug\imaingame.obj
c:\users\aleca\source\repos\bengine\bengine\debug\imageloader.obj
c:\users\aleca\source\repos\bengine\bengine\debug\gui.obj
c:\users\aleca\source\repos\bengine\bengine\debug\glslprogram.obj
c:\users\aleca\source\repos\bengine\bengine\debug\debugrenderer.obj
c:\users\aleca\source\repos\bengine\bengine\debug\camera2d.obj
c:\users\aleca\source\repos\bengine\bengine\debug\bengineerrors.obj
c:\users\aleca\source\repos\bengine\bengine\debug\bengine.obj
c:\users\aleca\source\repos\bengine\bengine\debug\window.obj
c:\users\aleca\source\repos\bengine\bengine\debug\timing.obj
c:\users\aleca\source\repos\bengine\bengine\debug\bengine.tlog\cl.command.1.tlog
c:\users\aleca\source\repos\bengine\bengine\debug\bengine.tlog\cl.read.1.tlog
c:\users\aleca\source\repos\bengine\bengine\debug\bengine.tlog\cl.write.1.tlog
