11/09/2020 02:43:50 (Std) 	+-+-+-+-+-+-+-+-+-+-+-+-+-+-+-+-+-+-+-+-+-+-+-+-+-+-+-+-+-+-+-+-+-+-+-+-+-+-+-+
11/09/2020 02:43:50 (Std) 	+                     Crazy Eddie's GUI System - Event log                    +
11/09/2020 02:43:50 (Std) 	+                          (http://www.cegui.org.uk/)                         +
11/09/2020 02:43:50 (Std) 	+-+-+-+-+-+-+-+-+-+-+-+-+-+-+-+-+-+-+-+-+-+-+-+-+-+-+-+-+-+-+-+-+-+-+-+-+-+-+-+

11/09/2020 02:43:50 (Std) 	CEGUI::Logger singleton created. (06F27488)
11/09/2020 02:43:50 (Std) 	
11/09/2020 02:43:50 (Std) 	********************************************************************************
11/09/2020 02:43:50 (Std) 	* Important:                                                                   *
11/09/2020 02:43:50 (Std) 	*     To get support at the CEGUI forums, you must post _at least_ the section *
11/09/2020 02:43:50 (Std) 	*     of this log file indicated below.  Failure to do this will result in no  *
11/09/2020 02:43:50 (Std) 	*     support being given; please do not waste our time.                       *
11/09/2020 02:43:50 (Std) 	********************************************************************************
11/09/2020 02:43:50 (Std) 	********************************************************************************
11/09/2020 02:43:50 (Std) 	* -------- START OF ESSENTIAL SECTION TO BE POSTED ON THE FORUM       -------- *
11/09/2020 02:43:50 (Std) 	********************************************************************************
11/09/2020 02:43:50 (Std) 	---- Version: 0.8.7 (Build: Sep  8 2020 Debug Microsoft Windows MSVC++ Unknown MSVC++ version 32 bit) ----
11/09/2020 02:43:50 (Std) 	---- Renderer module is: CEGUI::OpenGL3Renderer - Official OpenGL 3.2 core based renderer module.  TextureTarget support enabled via FBO OGL 3.2 core implementation. ----
11/09/2020 02:43:50 (Std) 	---- XML Parser module is: CEGUI::ExpatParser - Official expat based parser module for CEGUI ----
11/09/2020 02:43:50 (Std) 	---- Image Codec module is: SILLYImageCodec - Official SILLY based image codec ----
11/09/2020 02:43:50 (Std) 	---- Scripting module is: None ----
11/09/2020 02:43:50 (Std) 	********************************************************************************
11/09/2020 02:43:50 (Std) 	* -------- END OF ESSENTIAL SECTION TO BE POSTED ON THE FORUM         -------- *
11/09/2020 02:43:50 (Std) 	********************************************************************************
11/09/2020 02:43:50 (Std) 	
11/09/2020 02:43:50 (Std) 	---- Begining CEGUI System initialisation ----
11/09/2020 02:43:50 (Std) 	[CEGUI::ImageManager] Singleton created (06F5F260)
11/09/2020 02:43:50 (Std) 	[CEGUI::ImageManager] Registered Image type: BasicImage
11/09/2020 02:43:50 (Std) 	CEGUI::FontManager singleton created. (01628050)
11/09/2020 02:43:50 (Std) 	CEGUI::WindowFactoryManager singleton created
11/09/2020 02:43:50 (Std) 	CEGUI::WindowManager singleton created (0632A630)
11/09/2020 02:43:50 (Std) 	CEGUI::SchemeManager singleton created. (016283F0)
11/09/2020 02:43:50 (Std) 	CEGUI::GlobalEventSet singleton created. (06387428)
11/09/2020 02:43:50 (Std) 	CEGUI::AnimationManager singleton created (0637CB70)
11/09/2020 02:43:50 (Std) 	CEGUI::WidgetLookManager singleton created. (0482C4B0)
11/09/2020 02:43:50 (Std) 	CEGUI::WindowRendererManager singleton created (0482C570)
11/09/2020 02:43:50 (Std) 	CEGUI::RenderEffectManager singleton created (06387668)
11/09/2020 02:43:50 (Std) 	Created WindowFactory for 'DefaultWindow' windows.
11/09/2020 02:43:50 (Std) 	WindowFactory for 'DefaultWindow' windows added. (06F5D098)
11/09/2020 02:43:50 (Std) 	Created WindowFactory for 'DragContainer' windows.
11/09/2020 02:43:50 (Std) 	WindowFactory for 'DragContainer' windows added. (06F5C4E0)
11/09/2020 02:43:50 (Std) 	Created WindowFactory for 'ScrolledContainer' windows.
11/09/2020 02:43:50 (Std) 	WindowFactory for 'ScrolledContainer' windows added. (06F5CA58)
11/09/2020 02:43:50 (Std) 	Created WindowFactory for 'ClippedContainer' windows.
11/09/2020 02:43:50 (Std) 	WindowFactory for 'ClippedContainer' windows added. (06F5CD78)
11/09/2020 02:43:50 (Std) 	Created WindowFactory for 'CEGUI/PushButton' windows.
11/09/2020 02:43:50 (Std) 	WindowFactory for 'CEGUI/PushButton' windows added. (06F5D228)
11/09/2020 02:43:50 (Std) 	Created WindowFactory for 'CEGUI/RadioButton' windows.
11/09/2020 02:43:50 (Std) 	WindowFactory for 'CEGUI/RadioButton' windows added. (06F5C418)
11/09/2020 02:43:50 (Std) 	Created WindowFactory for 'CEGUI/Combobox' windows.
11/09/2020 02:43:50 (Std) 	WindowFactory for 'CEGUI/Combobox' windows added. (06F5BF68)
11/09/2020 02:43:50 (Std) 	Created WindowFactory for 'CEGUI/ComboDropList' windows.
11/09/2020 02:43:50 (Std) 	WindowFactory for 'CEGUI/ComboDropList' windows added. (06F5D548)
11/09/2020 02:43:50 (Std) 	Created WindowFactory for 'CEGUI/Editbox' windows.
11/09/2020 02:43:50 (Std) 	WindowFactory for 'CEGUI/Editbox' windows added. (06F5C5A8)
11/09/2020 02:43:50 (Std) 	Created WindowFactory for 'CEGUI/FrameWindow' windows.
11/09/2020 02:43:50 (Std) 	WindowFactory for 'CEGUI/FrameWindow' windows added. (06F5C1C0)
11/09/2020 02:43:50 (Std) 	Created WindowFactory for 'CEGUI/ItemEntry' windows.
11/09/2020 02:43:50 (Std) 	WindowFactory for 'CEGUI/ItemEntry' windows added. (06F5C030)
11/09/2020 02:43:50 (Std) 	Created WindowFactory for 'CEGUI/Listbox' windows.
11/09/2020 02:43:50 (Std) 	WindowFactory for 'CEGUI/Listbox' windows added. (06F5C800)
11/09/2020 02:43:50 (Std) 	Created WindowFactory for 'CEGUI/ListHeader' windows.
11/09/2020 02:43:50 (Std) 	WindowFactory for 'CEGUI/ListHeader' windows added. (06F5C670)
11/09/2020 02:43:50 (Std) 	Created WindowFactory for 'CEGUI/ListHeaderSegment' windows.
11/09/2020 02:43:50 (Std) 	WindowFactory for 'CEGUI/ListHeaderSegment' windows added. (06F5C0F8)
11/09/2020 02:43:50 (Std) 	Created WindowFactory for 'CEGUI/Menubar' windows.
11/09/2020 02:43:50 (Std) 	WindowFactory for 'CEGUI/Menubar' windows added. (06F5D2F0)
11/09/2020 02:43:50 (Std) 	Created WindowFactory for 'CEGUI/PopupMenu' windows.
11/09/2020 02:43:50 (Std) 	WindowFactory for 'CEGUI/PopupMenu' windows added. (06F5C350)
11/09/2020 02:43:50 (Std) 	Created WindowFactory for 'CEGUI/MenuItem' windows.
11/09/2020 02:43:50 (Std) 	WindowFactory for 'CEGUI/MenuItem' windows added. (06F5D480)
11/09/2020 02:43:50 (Std) 	Created WindowFactory for 'CEGUI/MultiColumnList' windows.
11/09/2020 02:43:50 (Std) 	WindowFactory for 'CEGUI/MultiColumnList' windows added. (06F5CB20)
11/09/2020 02:43:50 (Std) 	Created WindowFactory for 'CEGUI/MultiLineEditbox' windows.
11/09/2020 02:43:50 (Std) 	WindowFactory for 'CEGUI/MultiLineEditbox' windows added. (06F5D3B8)
11/09/2020 02:43:50 (Std) 	Created WindowFactory for 'CEGUI/ProgressBar' windows.
11/09/2020 02:43:50 (Std) 	WindowFactory for 'CEGUI/ProgressBar' windows added. (06F5C738)
11/09/2020 02:43:50 (Std) 	Created WindowFactory for 'CEGUI/ScrollablePane' windows.
11/09/2020 02:43:50 (Std) 	WindowFactory for 'CEGUI/ScrollablePane' windows added. (06F5CBE8)
11/09/2020 02:43:50 (Std) 	Created WindowFactory for 'CEGUI/Scrollbar' windows.
11/09/2020 02:43:50 (Std) 	WindowFactory for 'CEGUI/Scrollbar' windows added. (06F5C990)
11/09/2020 02:43:50 (Std) 	Created WindowFactory for 'CEGUI/Slider' windows.
11/09/2020 02:43:50 (Std) 	WindowFactory for 'CEGUI/Slider' windows added. (06F212A0)
11/09/2020 02:43:50 (Std) 	Created WindowFactory for 'CEGUI/Spinner' windows.
11/09/2020 02:43:50 (Std) 	WindowFactory for 'CEGUI/Spinner' windows added. (06F22880)
11/09/2020 02:43:50 (Std) 	Created WindowFactory for 'CEGUI/TabButton' windows.
11/09/2020 02:43:50 (Std) 	WindowFactory for 'CEGUI/TabButton' windows added. (06F21368)
11/09/2020 02:43:50 (Std) 	Created WindowFactory for 'CEGUI/TabControl' windows.
11/09/2020 02:43:50 (Std) 	WindowFactory for 'CEGUI/TabControl' windows added. (06F22628)
11/09/2020 02:43:50 (Std) 	Created WindowFactory for 'CEGUI/Thumb' windows.
11/09/2020 02:43:50 (Std) 	WindowFactory for 'CEGUI/Thumb' windows added. (06F215C0)
11/09/2020 02:43:50 (Std) 	Created WindowFactory for 'CEGUI/Titlebar' windows.
11/09/2020 02:43:50 (Std) 	WindowFactory for 'CEGUI/Titlebar' windows added. (06F21C00)
11/09/2020 02:43:50 (Std) 	Created WindowFactory for 'CEGUI/ToggleButton' windows.
11/09/2020 02:43:50 (Std) 	WindowFactory for 'CEGUI/ToggleButton' windows added. (06F227B8)
11/09/2020 02:43:50 (Std) 	Created WindowFactory for 'CEGUI/Tooltip' windows.
11/09/2020 02:43:50 (Std) 	WindowFactory for 'CEGUI/Tooltip' windows added. (06F22498)
11/09/2020 02:43:50 (Std) 	Created WindowFactory for 'CEGUI/ItemListbox' windows.
11/09/2020 02:43:50 (Std) 	WindowFactory for 'CEGUI/ItemListbox' windows added. (06F21048)
11/09/2020 02:43:50 (Std) 	Created WindowFactory for 'CEGUI/GroupBox' windows.
11/09/2020 02:43:50 (Std) 	WindowFactory for 'CEGUI/GroupBox' windows added. (06F21430)
11/09/2020 02:43:50 (Std) 	Created WindowFactory for 'CEGUI/Tree' windows.
11/09/2020 02:43:50 (Std) 	WindowFactory for 'CEGUI/Tree' windows added. (06F214F8)
11/09/2020 02:43:50 (Std) 	Created WindowFactory for 'LayoutCell' windows.
11/09/2020 02:43:50 (Std) 	WindowFactory for 'LayoutCell' windows added. (06F21CC8)
11/09/2020 02:43:50 (Std) 	Created WindowFactory for 'HorizontalLayoutContainer' windows.
11/09/2020 02:43:50 (Std) 	WindowFactory for 'HorizontalLayoutContainer' windows added. (06F21E58)
11/09/2020 02:43:50 (Std) 	Created WindowFactory for 'VerticalLayoutContainer' windows.
11/09/2020 02:43:50 (Std) 	WindowFactory for 'VerticalLayoutContainer' windows added. (06F21688)
11/09/2020 02:43:50 (Std) 	Created WindowFactory for 'GridLayoutContainer' windows.
11/09/2020 02:43:50 (Std) 	WindowFactory for 'GridLayoutContainer' windows added. (06F21110)
11/09/2020 02:43:50 (Std) 	CEGUI::System singleton created. (063A6E98)
11/09/2020 02:43:50 (Std) 	---- CEGUI System initialisation completed ----
11/09/2020 02:43:50 (Std) 	
11/09/2020 02:43:50 (Std) 	Started creation of Scheme from XML specification:
11/09/2020 02:43:50 (Std) 	---- CEGUI GUIScheme name: TaharezLook
11/09/2020 02:43:50 (Std) 	[ImageManager] Started creation of Imageset from XML specification:
11/09/2020 02:43:50 (Std) 	[ImageManager] ---- CEGUI Imageset name: TaharezLook
11/09/2020 02:43:50 (Std) 	[ImageManager] ---- Source texture file: TaharezLook.png
11/09/2020 02:43:50 (Std) 	[ImageManager] ---- Source texture resource group: (Default)
11/09/2020 02:43:50 (Std) 	[OpenGLRenderer] Created texture: TaharezLook
11/09/2020 02:43:50 (Std) 	[ImageManager] Created image: 'TaharezLook/ClientBrush' (06F32E00) of type: BasicImage
11/09/2020 02:43:50 (Std) 	[ImageManager] Created image: 'TaharezLook/GenericBrush' (06F26DD8) of type: BasicImage
11/09/2020 02:43:50 (Std) 	[ImageManager] Created image: 'TaharezLook/WindowLeftEdge' (06F26EE8) of type: BasicImage
11/09/2020 02:43:50 (Std) 	[ImageManager] Created image: 'TaharezLook/WindowRightEdge' (06F0F300) of type: BasicImage
11/09/2020 02:43:50 (Std) 	[ImageManager] Created image: 'TaharezLook/WindowTopEdge' (06F0F410) of type: BasicImage
11/09/2020 02:43:50 (Std) 	[ImageManager] Created image: 'TaharezLook/WindowBottomEdge' (06F1A2C8) of type: BasicImage
11/09/2020 02:43:50 (Std) 	[ImageManager] Created image: 'TaharezLook/WindowTopLeft' (06F197D8) of type: BasicImage
11/09/2020 02:43:50 (Std) 	[ImageManager] Created image: 'TaharezLook/WindowTopRight' (06F19C38) of type: BasicImage
11/09/2020 02:43:50 (Std) 	[ImageManager] Created image: 'TaharezLook/WindowBottomLeft' (06F1A098) of type: BasicImage
11/09/2020 02:43:50 (Std) 	[ImageManager] Created image: 'TaharezLook/WindowBottomRight' (06F198F0) of type: BasicImage
11/09/2020 02:43:50 (Std) 	[ImageManager] Created image: 'TaharezLook/ButtonLeftNormal' (06F19D50) of type: BasicImage
11/09/2020 02:43:50 (Std) 	[ImageManager] Created image: 'TaharezLook/ButtonMiddleNormal' (06F19A08) of type: BasicImage
11/09/2020 02:43:50 (Std) 	[ImageManager] Created image: 'TaharezLook/ButtonRightNormal' (06F1A1B0) of type: BasicImage
11/09/2020 02:43:50 (Std) 	[ImageManager] Created image: 'TaharezLook/ButtonLeftPushed' (06F1A610) of type: BasicImage
11/09/2020 02:43:50 (Std) 	[ImageManager] Created image: 'TaharezLook/ButtonMiddlePushed' (06F19E68) of type: BasicImage
11/09/2020 02:43:50 (Std) 	[ImageManager] Created image: 'TaharezLook/ButtonRightPushed' (06F19F80) of type: BasicImage
11/09/2020 02:43:50 (Std) 	[ImageManager] Created image: 'TaharezLook/ButtonLeftHighlight' (06F19B20) of type: BasicImage
11/09/2020 02:43:50 (Std) 	[ImageManager] Created image: 'TaharezLook/ButtonMiddleHighlight' (06F1A3E0) of type: BasicImage
11/09/2020 02:43:50 (Std) 	[ImageManager] Created image: 'TaharezLook/ButtonRightHighlight' (06F41728) of type: BasicImage
11/09/2020 02:43:50 (Std) 	[ImageManager] Created image: 'TaharezLook/CheckboxNormal' (06F413E0) of type: BasicImage
11/09/2020 02:43:50 (Std) 	[ImageManager] Created image: 'TaharezLook/CheckboxHover' (06F42330) of type: BasicImage
11/09/2020 02:43:50 (Std) 	[ImageManager] Created image: 'TaharezLook/CheckboxMark' (06F41B88) of type: BasicImage
11/09/2020 02:43:50 (Std) 	[ImageManager] Created image: 'TaharezLook/RadioButtonNormal' (06F41ED0) of type: BasicImage
11/09/2020 02:43:50 (Std) 	[ImageManager] Created image: 'TaharezLook/RadioButtonHover' (06F42448) of type: BasicImage
11/09/2020 02:43:50 (Std) 	[ImageManager] Created image: 'TaharezLook/RadioButtonMark' (06F42AD8) of type: BasicImage
11/09/2020 02:43:50 (Std) 	[ImageManager] Created image: 'TaharezLook/TitlebarLeft' (06F42218) of type: BasicImage
11/09/2020 02:43:50 (Std) 	[ImageManager] Created image: 'TaharezLook/TitlebarMiddle' (06F42560) of type: BasicImage
11/09/2020 02:43:50 (Std) 	[ImageManager] Created image: 'TaharezLook/TitlebarRight' (06F42790) of type: BasicImage
11/09/2020 02:43:50 (Std) 	[ImageManager] Created image: 'TaharezLook/NewTitlebarLeft' (06F411B0) of type: BasicImage
11/09/2020 02:43:50 (Std) 	[ImageManager] Created image: 'TaharezLook/NewTitlebarMiddle' (06F412C8) of type: BasicImage
11/09/2020 02:43:50 (Std) 	[ImageManager] Created image: 'TaharezLook/NewTitlebarRight' (06F41CA0) of type: BasicImage
11/09/2020 02:43:50 (Std) 	[ImageManager] Created image: 'TaharezLook/SysAreaMiddle' (06F42678) of type: BasicImage
11/09/2020 02:43:50 (Std) 	[ImageManager] Created image: 'TaharezLook/SysAreaRight' (06F42E20) of type: BasicImage
11/09/2020 02:43:50 (Std) 	[ImageManager] Created image: 'TaharezLook/StaticLeft' (06F41098) of type: BasicImage
11/09/2020 02:43:50 (Std) 	[ImageManager] Created image: 'TaharezLook/StaticRight' (06F428A8) of type: BasicImage
11/09/2020 02:43:50 (Std) 	[ImageManager] Created image: 'TaharezLook/StaticTop' (06F414F8) of type: BasicImage
11/09/2020 02:43:50 (Std) 	[ImageManager] Created image: 'TaharezLook/StaticBottom' (06F429C0) of type: BasicImage
11/09/2020 02:43:50 (Std) 	[ImageManager] Created image: 'TaharezLook/StaticTopLeft' (06F40F80) of type: BasicImage
11/09/2020 02:43:50 (Std) 	[ImageManager] Created image: 'TaharezLook/StaticTopRight' (06F42BF0) of type: BasicImage
11/09/2020 02:43:50 (Std) 	[ImageManager] Created image: 'TaharezLook/StaticBottomLeft' (06F41610) of type: BasicImage
11/09/2020 02:43:50 (Std) 	[ImageManager] Created image: 'TaharezLook/StaticBottomRight' (06F41840) of type: BasicImage
11/09/2020 02:43:50 (Std) 	[ImageManager] Created image: 'TaharezLook/StaticBackdrop' (06F42D08) of type: BasicImage
11/09/2020 02:43:50 (Std) 	[ImageManager] Created image: 'TaharezLook/ProgressBarLeft' (06F41FE8) of type: BasicImage
11/09/2020 02:43:50 (Std) 	[ImageManager] Created image: 'TaharezLook/ProgressBarMiddle' (06F41958) of type: BasicImage
11/09/2020 02:43:50 (Std) 	[ImageManager] Created image: 'TaharezLook/ProgressBarRight' (06F41A70) of type: BasicImage
11/09/2020 02:43:50 (Std) 	[ImageManager] Created image: 'TaharezLook/ProgressBarDimSegment' (06F41DB8) of type: BasicImage
11/09/2020 02:43:50 (Std) 	[ImageManager] Created image: 'TaharezLook/ProgressBarLitSegment' (06F42100) of type: BasicImage
11/09/2020 02:43:50 (Std) 	[ImageManager] Created image: 'TaharezLook/EditBoxLeft' (06F1F8F8) of type: BasicImage
11/09/2020 02:43:50 (Std) 	[ImageManager] Created image: 'TaharezLook/EditBoxMiddle' (06F201B8) of type: BasicImage
11/09/2020 02:43:50 (Std) 	[ImageManager] Created image: 'TaharezLook/EditBoxRight' (06F1F268) of type: BasicImage
11/09/2020 02:43:50 (Std) 	[ImageManager] Created image: 'TaharezLook/EditBoxCaret' (06F20960) of type: BasicImage
11/09/2020 02:43:50 (Std) 	[ImageManager] Created image: 'TaharezLook/SpinnerUpNormal' (06F1F150) of type: BasicImage
11/09/2020 02:43:50 (Std) 	[ImageManager] Created image: 'TaharezLook/SpinnerDownNormal' (06F20CA8) of type: BasicImage
11/09/2020 02:43:50 (Std) 	[ImageManager] Created image: 'TaharezLook/SpinnerUpHover' (06F20DC0) of type: BasicImage
11/09/2020 02:43:50 (Std) 	[ImageManager] Created image: 'TaharezLook/SpinnerDownHover' (06F20A78) of type: BasicImage
11/09/2020 02:43:50 (Std) 	[ImageManager] Created image: 'TaharezLook/TextSelectionBrush' (06F20B90) of type: BasicImage
11/09/2020 02:43:50 (Std) 	[ImageManager] Created image: 'TaharezLook/VertScrollTop' (06F1FC40) of type: BasicImage
11/09/2020 02:43:50 (Std) 	[ImageManager] Created image: 'TaharezLook/VertScrollMiddle' (06F20ED8) of type: BasicImage
11/09/2020 02:43:50 (Std) 	[ImageManager] Created image: 'TaharezLook/VertScrollBottom' (06F202D0) of type: BasicImage
11/09/2020 02:43:50 (Std) 	[ImageManager] Created image: 'TaharezLook/VertScrollBarSegment' (06F20500) of type: BasicImage
11/09/2020 02:43:50 (Std) 	[ImageManager] Created image: 'TaharezLook/VertScrollThumbNormal' (06F1F038) of type: BasicImage
11/09/2020 02:43:50 (Std) 	[ImageManager] Created image: 'TaharezLook/VertScrollThumbHover' (06F1F380) of type: BasicImage
11/09/2020 02:43:50 (Std) 	[ImageManager] Created image: 'TaharezLook/VertScrollUpNormal' (06F203E8) of type: BasicImage
11/09/2020 02:43:50 (Std) 	[ImageManager] Created image: 'TaharezLook/VertScrollDownNormal' (06F20618) of type: BasicImage
11/09/2020 02:43:50 (Std) 	[ImageManager] Created image: 'TaharezLook/VertScrollUpHover' (06F20730) of type: BasicImage
11/09/2020 02:43:50 (Std) 	[ImageManager] Created image: 'TaharezLook/VertScrollDownHover' (06F1F498) of type: BasicImage
11/09/2020 02:43:50 (Std) 	[ImageManager] Created image: 'TaharezLook/MiniVertScrollBarSegment' (06F1F5B0) of type: BasicImage
11/09/2020 02:43:50 (Std) 	[ImageManager] Created image: 'TaharezLook/MiniVertScrollThumbNormal' (06F1FE70) of type: BasicImage
11/09/2020 02:43:50 (Std) 	[ImageManager] Created image: 'TaharezLook/MiniVertScrollThumbTopNormal' (06F1FD58) of type: BasicImage
11/09/2020 02:43:50 (Std) 	[ImageManager] Created image: 'TaharezLook/MiniVertScrollThumbMiddleNormal' (06F1F6C8) of type: BasicImage
11/09/2020 02:43:50 (Std) 	[ImageManager] Created image: 'TaharezLook/MiniVertScrollThumbBottomNormal' (06F20848) of type: BasicImage
11/09/2020 02:43:50 (Std) 	[ImageManager] Created image: 'TaharezLook/MiniVertScrollThumbTopHover' (06F1F7E0) of type: BasicImage
11/09/2020 02:43:50 (Std) 	[ImageManager] Created image: 'TaharezLook/MiniVertScrollThumbMiddleHover' (06F1FA10) of type: BasicImage
11/09/2020 02:43:50 (Std) 	[ImageManager] Created image: 'TaharezLook/MiniVertScrollThumbBottomHover' (06F200A0) of type: BasicImage
11/09/2020 02:43:50 (Std) 	[ImageManager] Created image: 'TaharezLook/MiniVertScrollThumbHover' (06F1FF88) of type: BasicImage
11/09/2020 02:43:50 (Std) 	[ImageManager] Created image: 'TaharezLook/MiniVertScrollUpNormal' (06F1FB28) of type: BasicImage
11/09/2020 02:43:50 (Std) 	[ImageManager] Created image: 'TaharezLook/MiniVertScrollDownNormal' (07052DA8) of type: BasicImage
11/09/2020 02:43:50 (Std) 	[ImageManager] Created image: 'TaharezLook/MiniVertScrollUpHover' (07052FD8) of type: BasicImage
11/09/2020 02:43:50 (Std) 	[ImageManager] Created image: 'TaharezLook/MiniVertScrollDownHover' (07053BE0) of type: BasicImage
11/09/2020 02:43:50 (Std) 	[ImageManager] Created image: 'TaharezLook/VertSliderBody' (07052718) of type: BasicImage
11/09/2020 02:43:50 (Std) 	[ImageManager] Created image: 'TaharezLook/VertSliderThumbNormal' (07052600) of type: BasicImage
11/09/2020 02:43:50 (Std) 	[ImageManager] Created image: 'TaharezLook/VertSliderThumbHover' (07053898) of type: BasicImage
11/09/2020 02:43:50 (Std) 	[ImageManager] Created image: 'TaharezLook/MiniHorzScrollBarSegment' (070530F0) of type: BasicImage
11/09/2020 02:43:50 (Std) 	[ImageManager] Created image: 'TaharezLook/MiniHorzScrollThumbNormal' (07053208) of type: BasicImage
11/09/2020 02:43:50 (Std) 	[ImageManager] Created image: 'TaharezLook/MiniHorzScrollThumbLeftNormal' (07052EC0) of type: BasicImage
11/09/2020 02:43:50 (Std) 	[ImageManager] Created image: 'TaharezLook/MiniHorzScrollThumbMiddleNormal' (07054158) of type: BasicImage
11/09/2020 02:43:50 (Std) 	[ImageManager] Created image: 'TaharezLook/MiniHorzScrollThumbRightNormal' (070522B8) of type: BasicImage
11/09/2020 02:43:50 (Std) 	[ImageManager] Created image: 'TaharezLook/MiniHorzScrollThumbHover' (07053320) of type: BasicImage
11/09/2020 02:43:50 (Std) 	[ImageManager] Created image: 'TaharezLook/MiniHorzScrollThumbLeftHover' (07053F28) of type: BasicImage
11/09/2020 02:43:50 (Std) 	[ImageManager] Created image: 'TaharezLook/MiniHorzScrollThumbMiddleHover' (070539B0) of type: BasicImage
11/09/2020 02:43:50 (Std) 	[ImageManager] Created image: 'TaharezLook/MiniHorzScrollThumbRightHover' (07052A60) of type: BasicImage
11/09/2020 02:43:50 (Std) 	[ImageManager] Created image: 'TaharezLook/MiniHorzScrollLeftNormal' (070524E8) of type: BasicImage
11/09/2020 02:43:50 (Std) 	[ImageManager] Created image: 'TaharezLook/MiniHorzScrollRightNormal' (07054040) of type: BasicImage
11/09/2020 02:43:50 (Std) 	[ImageManager] Created image: 'TaharezLook/MiniHorzScrollLeftHover' (070523D0) of type: BasicImage
11/09/2020 02:43:50 (Std) 	[ImageManager] Created image: 'TaharezLook/MiniHorzScrollRightHover' (07053438) of type: BasicImage
11/09/2020 02:43:50 (Std) 	[ImageManager] Created image: 'TaharezLook/ListboxLeft' (07053AC8) of type: BasicImage
11/09/2020 02:43:50 (Std) 	[ImageManager] Created image: 'TaharezLook/ListboxRight' (07052C90) of type: BasicImage
11/09/2020 02:43:50 (Std) 	[ImageManager] Created image: 'TaharezLook/ListboxTop' (07053550) of type: BasicImage
11/09/2020 02:43:50 (Std) 	[ImageManager] Created image: 'TaharezLook/ListboxBottom' (07053668) of type: BasicImage
11/09/2020 02:43:50 (Std) 	[ImageManager] Created image: 'TaharezLook/ListboxTopLeft' (07053780) of type: BasicImage
11/09/2020 02:43:50 (Std) 	[ImageManager] Created image: 'TaharezLook/ListboxTopRight' (07052830) of type: BasicImage
11/09/2020 02:43:50 (Std) 	[ImageManager] Created image: 'TaharezLook/ListboxBottomLeft' (07052948) of type: BasicImage
11/09/2020 02:43:50 (Std) 	[ImageManager] Created image: 'TaharezLook/ListboxBottomRight' (07052B78) of type: BasicImage
11/09/2020 02:43:50 (Std) 	[ImageManager] Created image: 'TaharezLook/ListboxBackdrop' (07053CF8) of type: BasicImage
11/09/2020 02:43:50 (Std) 	[ImageManager] Created image: 'TaharezLook/ListboxSelectionBrush' (07053E10) of type: BasicImage
11/09/2020 02:43:50 (Std) 	[ImageManager] Created image: 'TaharezLook/ComboboxEditLeft' (0708C658) of type: BasicImage
11/09/2020 02:43:50 (Std) 	[ImageManager] Created image: 'TaharezLook/ComboboxEditMiddle' (0708C1F8) of type: BasicImage
11/09/2020 02:43:50 (Std) 	[ImageManager] Created image: 'TaharezLook/ComboboxListButtonNormal' (0708CBD0) of type: BasicImage
11/09/2020 02:43:50 (Std) 	[ImageManager] Created image: 'TaharezLook/ComboboxListButtonHover' (0708B708) of type: BasicImage
11/09/2020 02:43:50 (Std) 	[ImageManager] Created image: 'TaharezLook/ComboboxListLeft' (0708B078) of type: BasicImage
11/09/2020 02:43:50 (Std) 	[ImageManager] Created image: 'TaharezLook/ComboboxListRight' (0708C770) of type: BasicImage
11/09/2020 02:43:50 (Std) 	[ImageManager] Created image: 'TaharezLook/ComboboxListTop' (0708B820) of type: BasicImage
11/09/2020 02:43:50 (Std) 	[ImageManager] Created image: 'TaharezLook/ComboboxListBottom' (0708BA50) of type: BasicImage
11/09/2020 02:43:50 (Std) 	[ImageManager] Created image: 'TaharezLook/ComboboxListTopLeft' (0708B4D8) of type: BasicImage
11/09/2020 02:43:50 (Std) 	[ImageManager] Created image: 'TaharezLook/ComboboxListTopRight' (0708B190) of type: BasicImage
11/09/2020 02:43:50 (Std) 	[ImageManager] Created image: 'TaharezLook/ComboboxListBottomLeft' (0708B3C0) of type: BasicImage
11/09/2020 02:43:50 (Std) 	[ImageManager] Created image: 'TaharezLook/ComboboxListBottomRight' (0708C9A0) of type: BasicImage
11/09/2020 02:43:50 (Std) 	[ImageManager] Created image: 'TaharezLook/ComboboxListBackdrop' (0708B938) of type: BasicImage
11/09/2020 02:43:50 (Std) 	[ImageManager] Created image: 'TaharezLook/ComboboxSelectionBrush' (0708CCE8) of type: BasicImage
11/09/2020 02:43:50 (Std) 	[ImageManager] Created image: 'TaharezLook/ComboboxDividerLeft' (0708CAB8) of type: BasicImage
11/09/2020 02:43:50 (Std) 	[ImageManager] Created image: 'TaharezLook/ComboboxDividerMiddle' (0708BD98) of type: BasicImage
11/09/2020 02:43:50 (Std) 	[ImageManager] Created image: 'TaharezLook/ComboboxDividerRight' (0708BC80) of type: BasicImage
11/09/2020 02:43:50 (Std) 	[ImageManager] Created image: 'TaharezLook/HeaderBarBackdropNormal' (0708B5F0) of type: BasicImage
11/09/2020 02:43:50 (Std) 	[ImageManager] Created image: 'TaharezLook/HeaderBarBackdropHover' (0708CE00) of type: BasicImage
11/09/2020 02:43:50 (Std) 	[ImageManager] Created image: 'TaharezLook/HeaderBarSplitterNormal' (0708C888) of type: BasicImage
11/09/2020 02:43:50 (Std) 	[ImageManager] Created image: 'TaharezLook/HeaderBarSplitterHover' (0708C310) of type: BasicImage
11/09/2020 02:43:50 (Std) 	[ImageManager] Created image: 'TaharezLook/HeaderBarSortUp' (0708BFC8) of type: BasicImage
11/09/2020 02:43:50 (Std) 	[ImageManager] Created image: 'TaharezLook/HeaderBarSortDown' (0708BEB0) of type: BasicImage
11/09/2020 02:43:50 (Std) 	[ImageManager] Created image: 'TaharezLook/MultiListLeft' (0708C0E0) of type: BasicImage
11/09/2020 02:43:50 (Std) 	[ImageManager] Created image: 'TaharezLook/MultiListRight' (0708BB68) of type: BasicImage
11/09/2020 02:43:50 (Std) 	[ImageManager] Created image: 'TaharezLook/MultiListTop' (0708C428) of type: BasicImage
11/09/2020 02:43:50 (Std) 	[ImageManager] Created image: 'TaharezLook/MultiListBottom' (0708CF18) of type: BasicImage
11/09/2020 02:43:50 (Std) 	[ImageManager] Created image: 'TaharezLook/MultiListTopLeft' (0708C540) of type: BasicImage
11/09/2020 02:43:50 (Std) 	[ImageManager] Created image: 'TaharezLook/MultiListTopRight' (0708B2A8) of type: BasicImage
11/09/2020 02:43:50 (Std) 	[ImageManager] Created image: 'TaharezLook/MultiListBottomLeft' (06F00A68) of type: BasicImage
11/09/2020 02:43:50 (Std) 	[ImageManager] Created image: 'TaharezLook/MultiListBottomRight' (06F01F30) of type: BasicImage
11/09/2020 02:43:50 (Std) 	[ImageManager] Created image: 'TaharezLook/MultiListBackdrop' (06F00FE0) of type: BasicImage
11/09/2020 02:43:50 (Std) 	[ImageManager] Created image: 'TaharezLook/MultiListSelectionBrush' (06F00720) of type: BasicImage
11/09/2020 02:43:50 (Std) 	[ImageManager] Created image: 'TaharezLook/AltProgressLeft' (06F01210) of type: BasicImage
11/09/2020 02:43:50 (Std) 	[ImageManager] Created image: 'TaharezLook/AltProgressMiddle' (06F003D8) of type: BasicImage
11/09/2020 02:43:50 (Std) 	[ImageManager] Created image: 'TaharezLook/AltProgressRight' (06F00608) of type: BasicImage
11/09/2020 02:43:50 (Std) 	[ImageManager] Created image: 'TaharezLook/AltProgressQuarter' (06F01670) of type: BasicImage
11/09/2020 02:43:50 (Std) 	[ImageManager] Created image: 'TaharezLook/AltProgressHalf' (06F01328) of type: BasicImage
11/09/2020 02:43:50 (Std) 	[ImageManager] Created image: 'TaharezLook/AltProgressLight1' (06F004F0) of type: BasicImage
11/09/2020 02:43:50 (Std) 	[ImageManager] Created image: 'TaharezLook/AltProgressLight2' (06F00838) of type: BasicImage
11/09/2020 02:43:50 (Std) 	[ImageManager] Created image: 'TaharezLook/AltProgressLight3' (06F00EC8) of type: BasicImage
11/09/2020 02:43:50 (Std) 	[ImageManager] Created image: 'TaharezLook/AltProgressLight4' (06F00950) of type: BasicImage
11/09/2020 02:43:50 (Std) 	[ImageManager] Created image: 'TaharezLook/AltProgressLight5' (06F019B8) of type: BasicImage
11/09/2020 02:43:50 (Std) 	[ImageManager] Created image: 'TaharezLook/AltProgressLight6' (06F01AD0) of type: BasicImage
11/09/2020 02:43:50 (Std) 	[ImageManager] Created image: 'TaharezLook/AltProgressLight7' (06F01BE8) of type: BasicImage
11/09/2020 02:43:50 (Std) 	[ImageManager] Created image: 'TaharezLook/AltProgressLight8' (06F00B80) of type: BasicImage
11/09/2020 02:43:50 (Std) 	[ImageManager] Created image: 'TaharezLook/AltProgressLight9' (06F002C0) of type: BasicImage
11/09/2020 02:43:50 (Std) 	[ImageManager] Created image: 'TaharezLook/AltProgressLight10' (06F00C98) of type: BasicImage
11/09/2020 02:43:50 (Std) 	[ImageManager] Created image: 'TaharezLook/CloseButtonNormal' (06F01D00) of type: BasicImage
11/09/2020 02:43:50 (Std) 	[ImageManager] Created image: 'TaharezLook/CloseButtonHover' (06F01E18) of type: BasicImage
11/09/2020 02:43:50 (Std) 	[ImageManager] Created image: 'TaharezLook/CloseButtonPressed' (06F00090) of type: BasicImage
11/09/2020 02:43:50 (Std) 	[ImageManager] Created image: 'TaharezLook/NewCloseButtonNormal' (06F00DB0) of type: BasicImage
11/09/2020 02:43:50 (Std) 	[ImageManager] Created image: 'TaharezLook/NewCloseButtonHover' (06F001A8) of type: BasicImage
11/09/2020 02:43:50 (Std) 	[ImageManager] Created image: 'TaharezLook/NewCloseButtonPressed' (06F01788) of type: BasicImage
11/09/2020 02:43:50 (Std) 	[ImageManager] Created image: 'TaharezLook/MultiLineEditboxLeft' (06F010F8) of type: BasicImage
11/09/2020 02:43:50 (Std) 	[ImageManager] Created image: 'TaharezLook/MultiLineEditboxRight' (06F01440) of type: BasicImage
11/09/2020 02:43:50 (Std) 	[ImageManager] Created image: 'TaharezLook/MultiLineEditboxTop' (06F01558) of type: BasicImage
11/09/2020 02:43:50 (Std) 	[ImageManager] Created image: 'TaharezLook/MultiLineEditboxBottom' (06F018A0) of type: BasicImage
11/09/2020 02:43:50 (Std) 	[ImageManager] Created image: 'TaharezLook/MultiLineEditboxTopLeft' (06F04DC0) of type: BasicImage
11/09/2020 02:43:50 (Std) 	[ImageManager] Created image: 'TaharezLook/MultiLineEditboxTopRight' (06F05338) of type: BasicImage
11/09/2020 02:43:50 (Std) 	[ImageManager] Created image: 'TaharezLook/MultiLineEditboxBottomLeft' (06F04CA8) of type: BasicImage
11/09/2020 02:43:50 (Std) 	[ImageManager] Created image: 'TaharezLook/MultiLineEditboxBottomRight' (06F05E28) of type: BasicImage
11/09/2020 02:43:50 (Std) 	[ImageManager] Created image: 'TaharezLook/MultiLineEditboxBackdrop' (06F05F40) of type: BasicImage
11/09/2020 02:43:50 (Std) 	[ImageManager] Created image: 'TaharezLook/MultiLineEditboxSelectionBrush' (06F05220) of type: BasicImage
11/09/2020 02:43:50 (Std) 	[ImageManager] Created image: 'TaharezLook/MouseTarget' (06F058B0) of type: BasicImage
11/09/2020 02:43:50 (Std) 	[ImageManager] Created image: 'TaharezLook/MouseArrow' (06F05450) of type: BasicImage
11/09/2020 02:43:50 (Std) 	[ImageManager] Created image: 'TaharezLook/MouseMoveCursor' (06F040A0) of type: BasicImage
11/09/2020 02:43:50 (Std) 	[ImageManager] Created image: 'TaharezLook/MouseNoSoCursor' (06F05BF8) of type: BasicImage
11/09/2020 02:43:50 (Std) 	[ImageManager] Created image: 'TaharezLook/MouseEsWeCursor' (06F04ED8) of type: BasicImage
11/09/2020 02:43:50 (Std) 	[ImageManager] Created image: 'TaharezLook/MouseNeSwCursor' (06F05108) of type: BasicImage
11/09/2020 02:43:50 (Std) 	[ImageManager] Created image: 'TaharezLook/MouseNwSeCursor' (06F04960) of type: BasicImage
11/09/2020 02:43:50 (Std) 	[ImageManager] Created image: 'TaharezLook/MouseTextBar' (06F04A78) of type: BasicImage
11/09/2020 02:43:50 (Std) 	[ImageManager] Created image: 'TaharezLook/TabHorizontalFiller' (06F05798) of type: BasicImage
11/09/2020 02:43:50 (Std) 	[ImageManager] Created image: 'TaharezLook/TabContentPaneUpperLeft' (06F04848) of type: BasicImage
11/09/2020 02:43:50 (Std) 	[ImageManager] Created image: 'TaharezLook/TabContentPaneUpper' (06F041B8) of type: BasicImage
11/09/2020 02:43:50 (Std) 	[ImageManager] Created image: 'TaharezLook/TabContentPaneUpperRight' (06F04500) of type: BasicImage
11/09/2020 02:43:50 (Std) 	[ImageManager] Created image: 'TaharezLook/TabContentPaneLeft' (06F04FF0) of type: BasicImage
11/09/2020 02:43:50 (Std) 	[ImageManager] Created image: 'TaharezLook/TabContentPaneRight' (06F05568) of type: BasicImage
11/09/2020 02:43:50 (Std) 	[ImageManager] Created image: 'TaharezLook/TabContentPaneLower' (06F04B90) of type: BasicImage
11/09/2020 02:43:50 (Std) 	[ImageManager] Created image: 'TaharezLook/TabContentPaneLowerLeft' (06F05680) of type: BasicImage
11/09/2020 02:43:50 (Std) 	[ImageManager] Created image: 'TaharezLook/TabContentPaneLowerRight' (06F059C8) of type: BasicImage
11/09/2020 02:43:50 (Std) 	[ImageManager] Created image: 'TaharezLook/TabContentPaneMiddle' (06F05D10) of type: BasicImage
11/09/2020 02:43:50 (Std) 	[ImageManager] Created image: 'TaharezLook/TabButtonScrollLeftNormal' (06F042D0) of type: BasicImage
11/09/2020 02:43:50 (Std) 	[ImageManager] Created image: 'TaharezLook/TabButtonScrollRightNormal' (06F04730) of type: BasicImage
11/09/2020 02:43:50 (Std) 	[ImageManager] Created image: 'TaharezLook/TabButtonScrollLeftHover' (06F04618) of type: BasicImage
11/09/2020 02:43:50 (Std) 	[ImageManager] Created image: 'TaharezLook/TabButtonScrollRightHover' (06F05AE0) of type: BasicImage
11/09/2020 02:43:50 (Std) 	[ImageManager] Created image: 'TaharezLook/TabButtonLeftNormal' (06F043E8) of type: BasicImage
11/09/2020 02:43:50 (Std) 	[ImageManager] Created image: 'TaharezLook/TabButtonRightNormal' (06F099D8) of type: BasicImage
11/09/2020 02:43:50 (Std) 	[ImageManager] Created image: 'TaharezLook/TabButtonUpperNormal' (06F080B0) of type: BasicImage
11/09/2020 02:43:50 (Std) 	[ImageManager] Created image: 'TaharezLook/TabButtonLowerNormal' (06F08510) of type: BasicImage
11/09/2020 02:43:50 (Std) 	[ImageManager] Created image: 'TaharezLook/TabButtonUpperLeftNormal' (06F09F50) of type: BasicImage
11/09/2020 02:43:50 (Std) 	[ImageManager] Created image: 'TaharezLook/TabButtonUpperLeft2Normal' (06F09000) of type: BasicImage
11/09/2020 02:43:50 (Std) 	[ImageManager] Created image: 'TaharezLook/TabButtonUpperRightNormal' (06F08858) of type: BasicImage
11/09/2020 02:43:50 (Std) 	[ImageManager] Created image: 'TaharezLook/TabButtonLowerLeftNormal' (06F09578) of type: BasicImage
11/09/2020 02:43:50 (Std) 	[ImageManager] Created image: 'TaharezLook/TabButtonLowerRightNormal' (06F08970) of type: BasicImage
11/09/2020 02:43:50 (Std) 	[ImageManager] Created image: 'TaharezLook/TabButtonLowerRight2Normal' (06F081C8) of type: BasicImage
11/09/2020 02:43:50 (Std) 	[ImageManager] Created image: 'TaharezLook/TabButtonMiddleNormal' (06F09230) of type: BasicImage
11/09/2020 02:43:50 (Std) 	[ImageManager] Created image: 'TaharezLook/TabButtonLeftSelected' (06F082E0) of type: BasicImage
11/09/2020 02:43:50 (Std) 	[ImageManager] Created image: 'TaharezLook/TabButtonRightSelected' (06F09690) of type: BasicImage
11/09/2020 02:43:50 (Std) 	[ImageManager] Created image: 'TaharezLook/TabButtonUpperSelected' (06F09118) of type: BasicImage
11/09/2020 02:43:50 (Std) 	[ImageManager] Created image: 'TaharezLook/TabButtonLowerSelected' (06F09E38) of type: BasicImage
11/09/2020 02:43:50 (Std) 	[ImageManager] Created image: 'TaharezLook/TabButtonUpperLeftSelected' (06F08628) of type: BasicImage
11/09/2020 02:43:50 (Std) 	[ImageManager] Created image: 'TaharezLook/TabButtonUpperRightSelected' (06F08A88) of type: BasicImage
11/09/2020 02:43:50 (Std) 	[ImageManager] Created image: 'TaharezLook/TabButtonLowerLeftSelected' (06F08BA0) of type: BasicImage
11/09/2020 02:43:50 (Std) 	[ImageManager] Created image: 'TaharezLook/TabButtonLowerRightSelected' (06F08CB8) of type: BasicImage
11/09/2020 02:43:50 (Std) 	[ImageManager] Created image: 'TaharezLook/TabButtonMiddleSelected' (06F09348) of type: BasicImage
11/09/2020 02:43:50 (Std) 	[ImageManager] Created image: 'TaharezLook/TooltipTopLeft' (06F08DD0) of type: BasicImage
11/09/2020 02:43:50 (Std) 	[ImageManager] Created image: 'TaharezLook/TooltipTopRight' (06F083F8) of type: BasicImage
11/09/2020 02:43:50 (Std) 	[ImageManager] Created image: 'TaharezLook/TooltipBottomLeft' (06F08EE8) of type: BasicImage
11/09/2020 02:43:50 (Std) 	[ImageManager] Created image: 'TaharezLook/TooltipBottomRight' (06F08740) of type: BasicImage
11/09/2020 02:43:50 (Std) 	[ImageManager] Created image: 'TaharezLook/TooltipLeftEdge' (06F098C0) of type: BasicImage
11/09/2020 02:43:50 (Std) 	[ImageManager] Created image: 'TaharezLook/TooltipRightEdge' (06F09460) of type: BasicImage
11/09/2020 02:43:50 (Std) 	[ImageManager] Created image: 'TaharezLook/TooltipTopEdge' (06F097A8) of type: BasicImage
11/09/2020 02:43:50 (Std) 	[ImageManager] Created image: 'TaharezLook/TooltipBottomEdge' (06F09AF0) of type: BasicImage
11/09/2020 02:43:50 (Std) 	[ImageManager] Created image: 'TaharezLook/TooltipMiddle' (06F09C08) of type: BasicImage
11/09/2020 02:43:50 (Std) 	[ImageManager] Created image: 'TaharezLook/MenuTopLeft' (06F09D20) of type: BasicImage
11/09/2020 02:43:50 (Std) 	[ImageManager] Created image: 'TaharezLook/MenuTopRight' (06394888) of type: BasicImage
11/09/2020 02:43:50 (Std) 	[ImageManager] Created image: 'TaharezLook/MenuBottomLeft' (063949A0) of type: BasicImage
11/09/2020 02:43:50 (Std) 	[ImageManager] Created image: 'TaharezLook/MenuBottomRight' (06395A08) of type: BasicImage
11/09/2020 02:43:50 (Std) 	[ImageManager] Created image: 'TaharezLook/MenuLeft' (06394E00) of type: BasicImage
11/09/2020 02:43:50 (Std) 	[ImageManager] Created image: 'TaharezLook/MenuRight' (06395B20) of type: BasicImage
11/09/2020 02:43:50 (Std) 	[ImageManager] Created image: 'TaharezLook/MenuTop' (06395148) of type: BasicImage
11/09/2020 02:43:50 (Std) 	[ImageManager] Created image: 'TaharezLook/MenuBottom' (06395490) of type: BasicImage
11/09/2020 02:43:50 (Std) 	[ImageManager] Created image: 'TaharezLook/MenuMiddle' (06394F18) of type: BasicImage
11/09/2020 02:43:50 (Std) 	[ImageManager] Created image: 'TaharezLook/PopupMenuFrameTopLeft' (06394CE8) of type: BasicImage
11/09/2020 02:43:50 (Std) 	[ImageManager] Created image: 'TaharezLook/PopupMenuFrameTopRight' (06394AB8) of type: BasicImage
11/09/2020 02:43:50 (Std) 	[ImageManager] Created image: 'TaharezLook/PopupMenuFrameBottomLeft' (06395C38) of type: BasicImage
11/09/2020 02:43:50 (Std) 	[ImageManager] Created image: 'TaharezLook/PopupMenuFrameBottomRight' (063940E0) of type: BasicImage
11/09/2020 02:43:50 (Std) 	[ImageManager] Created image: 'TaharezLook/PopupMenuFrameLeft' (063941F8) of type: BasicImage
11/09/2020 02:43:50 (Std) 	[ImageManager] Created image: 'TaharezLook/PopupMenuFrameRight' (06393FC8) of type: BasicImage
11/09/2020 02:43:50 (Std) 	[ImageManager] Created image: 'TaharezLook/PopupMenuFrameTop' (06394310) of type: BasicImage
11/09/2020 02:43:50 (Std) 	[ImageManager] Created image: 'TaharezLook/PopupMenuFrameBottom' (06394428) of type: BasicImage
11/09/2020 02:43:50 (Std) 	[ImageManager] Created image: 'TaharezLook/PopupMenuMiddle' (06394540) of type: BasicImage
11/09/2020 02:43:50 (Std) 	[ImageManager] Created image: 'TaharezLook/PopupMenuArrowRight' (06394658) of type: BasicImage
11/09/2020 02:43:50 (Std) 	[ImageManager] Created image: 'TaharezLook/PopupMenuArrowLeft' (063958F0) of type: BasicImage
11/09/2020 02:43:50 (Std) 	[ImageManager] Created image: 'TaharezLook/TreeListClosed' (06395260) of type: BasicImage
11/09/2020 02:43:50 (Std) 	[ImageManager] Created image: 'TaharezLook/TreeListOpened' (06394770) of type: BasicImage
11/09/2020 02:43:50 (Std) 	[ImageManager] Created image: 'TaharezLook/UpArrow' (063957D8) of type: BasicImage
11/09/2020 02:43:50 (Std) 	===== Falagard 'root' element: look and feel parsing begins =====
11/09/2020 02:43:51 (Std) 	===== Look and feel parsing completed =====
11/09/2020 02:43:51 (Std) 	No window renderer factories specified for module 'CEGUICoreWindowRendererSet' - adding all available factories...
11/09/2020 02:43:51 (Std) 	Created WindowRendererFactory for 'Core/Button' WindowRenderers.
11/09/2020 02:43:51 (Std) 	WindowRendererFactory 'Core/Button' added. (06F0C318)
11/09/2020 02:43:51 (Std) 	Created WindowRendererFactory for 'Core/Default' WindowRenderers.
11/09/2020 02:43:51 (Std) 	WindowRendererFactory 'Core/Default' added. (06F0C3E0)
11/09/2020 02:43:51 (Std) 	Created WindowRendererFactory for 'Core/Editbox' WindowRenderers.
11/09/2020 02:43:51 (Std) 	WindowRendererFactory 'Core/Editbox' added. (06F0C890)
11/09/2020 02:43:51 (Std) 	Created WindowRendererFactory for 'Core/FrameWindow' WindowRenderers.
11/09/2020 02:43:51 (Std) 	WindowRendererFactory 'Core/FrameWindow' added. (06F0CE08)
11/09/2020 02:43:51 (Std) 	Created WindowRendererFactory for 'Core/ItemEntry' WindowRenderers.
11/09/2020 02:43:51 (Std) 	WindowRendererFactory 'Core/ItemEntry' added. (06F0CED0)
11/09/2020 02:43:51 (Std) 	Created WindowRendererFactory for 'Core/ListHeader' WindowRenderers.
11/09/2020 02:43:51 (Std) 	WindowRendererFactory 'Core/ListHeader' added. (06F0C188)
11/09/2020 02:43:51 (Std) 	Created WindowRendererFactory for 'Core/ListHeaderSegment' WindowRenderers.
11/09/2020 02:43:51 (Std) 	WindowRendererFactory 'Core/ListHeaderSegment' added. (06F0CF98)
11/09/2020 02:43:51 (Std) 	Created WindowRendererFactory for 'Core/Listbox' WindowRenderers.
11/09/2020 02:43:51 (Std) 	WindowRendererFactory 'Core/Listbox' added. (06F0C4A8)
11/09/2020 02:43:51 (Std) 	Created WindowRendererFactory for 'Core/Menubar' WindowRenderers.
11/09/2020 02:43:51 (Std) 	WindowRendererFactory 'Core/Menubar' added. (0723B820)
11/09/2020 02:43:51 (Std) 	Created WindowRendererFactory for 'Core/MenuItem' WindowRenderers.
11/09/2020 02:43:51 (Std) 	WindowRendererFactory 'Core/MenuItem' added. (0723C6F8)
11/09/2020 02:43:51 (Std) 	Created WindowRendererFactory for 'Core/MultiColumnList' WindowRenderers.
11/09/2020 02:43:51 (Std) 	WindowRendererFactory 'Core/MultiColumnList' added. (0723B8E8)
11/09/2020 02:43:51 (Std) 	Created WindowRendererFactory for 'Core/MultiLineEditbox' WindowRenderers.
11/09/2020 02:43:51 (Std) 	WindowRendererFactory 'Core/MultiLineEditbox' added. (0723CBA8)
11/09/2020 02:43:51 (Std) 	Created WindowRendererFactory for 'Core/PopupMenu' WindowRenderers.
11/09/2020 02:43:51 (Std) 	WindowRendererFactory 'Core/PopupMenu' added. (0723B9B0)
11/09/2020 02:43:51 (Std) 	Created WindowRendererFactory for 'Core/ProgressBar' WindowRenderers.
11/09/2020 02:43:51 (Std) 	WindowRendererFactory 'Core/ProgressBar' added. (0723C568)
11/09/2020 02:43:51 (Std) 	Created WindowRendererFactory for 'Core/ScrollablePane' WindowRenderers.
11/09/2020 02:43:51 (Std) 	WindowRendererFactory 'Core/ScrollablePane' added. (0723CEC8)
11/09/2020 02:43:51 (Std) 	Created WindowRendererFactory for 'Core/Scrollbar' WindowRenderers.
11/09/2020 02:43:51 (Std) 	WindowRendererFactory 'Core/Scrollbar' added. (0723BC08)
11/09/2020 02:43:51 (Std) 	Created WindowRendererFactory for 'Core/Slider' WindowRenderers.
11/09/2020 02:43:51 (Std) 	WindowRendererFactory 'Core/Slider' added. (0723BCD0)
11/09/2020 02:43:51 (Std) 	Created WindowRendererFactory for 'Core/Static' WindowRenderers.
11/09/2020 02:43:51 (Std) 	WindowRendererFactory 'Core/Static' added. (0723C950)
11/09/2020 02:43:51 (Std) 	Created WindowRendererFactory for 'Core/StaticImage' WindowRenderers.
11/09/2020 02:43:51 (Std) 	WindowRendererFactory 'Core/StaticImage' added. (0723C310)
11/09/2020 02:43:51 (Std) 	Created WindowRendererFactory for 'Core/StaticText' WindowRenderers.
11/09/2020 02:43:51 (Std) 	WindowRendererFactory 'Core/StaticText' added. (0723C7C0)
11/09/2020 02:43:51 (Std) 	Created WindowRendererFactory for 'Core/TabButton' WindowRenderers.
11/09/2020 02:43:51 (Std) 	WindowRendererFactory 'Core/TabButton' added. (0723C888)
11/09/2020 02:43:51 (Std) 	Created WindowRendererFactory for 'Core/TabControl' WindowRenderers.
11/09/2020 02:43:51 (Std) 	WindowRendererFactory 'Core/TabControl' added. (0723CA18)
11/09/2020 02:43:51 (Std) 	Created WindowRendererFactory for 'Core/Titlebar' WindowRenderers.
11/09/2020 02:43:51 (Std) 	WindowRendererFactory 'Core/Titlebar' added. (0723BE60)
11/09/2020 02:43:51 (Std) 	Created WindowRendererFactory for 'Core/ToggleButton' WindowRenderers.
11/09/2020 02:43:51 (Std) 	WindowRendererFactory 'Core/ToggleButton' added. (0723C3D8)
11/09/2020 02:43:51 (Std) 	Created WindowRendererFactory for 'Core/Tooltip' WindowRenderers.
11/09/2020 02:43:51 (Std) 	WindowRendererFactory 'Core/Tooltip' added. (0723CAE0)
11/09/2020 02:43:51 (Std) 	Created WindowRendererFactory for 'Core/ItemListbox' WindowRenderers.
11/09/2020 02:43:51 (Std) 	WindowRendererFactory 'Core/ItemListbox' added. (0723C0B8)
11/09/2020 02:43:51 (Std) 	Created WindowRendererFactory for 'Core/Tree' WindowRenderers.
11/09/2020 02:43:51 (Std) 	WindowRendererFactory 'Core/Tree' added. (0723CF90)
11/09/2020 02:43:51 (Std) 	Creating falagard mapping for type 'TaharezLook/Label' using base type 'DefaultWindow', window renderer 'Core/Default' Look'N'Feel 'TaharezLook/Label' and RenderEffect ''. (0116C53C)
11/09/2020 02:43:51 (Std) 	Creating falagard mapping for type 'TaharezLook/Button' using base type 'CEGUI/PushButton', window renderer 'Core/Button' Look'N'Feel 'TaharezLook/Button' and RenderEffect ''. (0116C53C)
11/09/2020 02:43:51 (Std) 	Creating falagard mapping for type 'TaharezLook/Checkbox' using base type 'CEGUI/ToggleButton', window renderer 'Core/ToggleButton' Look'N'Feel 'TaharezLook/Checkbox' and RenderEffect ''. (0116C53C)
11/09/2020 02:43:51 (Std) 	Creating falagard mapping for type 'TaharezLook/ImageButton' using base type 'CEGUI/PushButton', window renderer 'Core/Button' Look'N'Feel 'TaharezLook/ImageButton' and RenderEffect ''. (0116C53C)
11/09/2020 02:43:51 (Std) 	Creating falagard mapping for type 'TaharezLook/RadioButton' using base type 'CEGUI/RadioButton', window renderer 'Core/ToggleButton' Look'N'Feel 'TaharezLook/RadioButton' and RenderEffect ''. (0116C53C)
11/09/2020 02:43:51 (Std) 	Creating falagard mapping for type 'TaharezLook/FrameWindow' using base type 'CEGUI/FrameWindow', window renderer 'Core/FrameWindow' Look'N'Feel 'TaharezLook/FrameWindow' and RenderEffect ''. (0116C53C)
11/09/2020 02:43:51 (Std) 	Creating falagard mapping for type 'TaharezLook/Titlebar' using base type 'CEGUI/Titlebar', window renderer 'Core/Titlebar' Look'N'Feel 'TaharezLook/Titlebar' and RenderEffect ''. (0116C53C)
11/09/2020 02:43:51 (Std) 	Creating falagard mapping for type 'TaharezLook/Editbox' using base type 'CEGUI/Editbox', window renderer 'Core/Editbox' Look'N'Feel 'TaharezLook/Editbox' and RenderEffect ''. (0116C53C)
11/09/2020 02:43:51 (Std) 	Creating falagard mapping for type 'TaharezLook/MultiLineEditbox' using base type 'CEGUI/MultiLineEditbox', window renderer 'Core/MultiLineEditbox' Look'N'Feel 'TaharezLook/MultiLineEditbox' and RenderEffect ''. (0116C53C)
11/09/2020 02:43:51 (Std) 	Creating falagard mapping for type 'TaharezLook/Menubar' using base type 'CEGUI/Menubar', window renderer 'Core/Menubar' Look'N'Feel 'TaharezLook/Menubar' and RenderEffect ''. (0116C53C)
11/09/2020 02:43:51 (Std) 	Creating falagard mapping for type 'TaharezLook/PopupMenu' using base type 'CEGUI/PopupMenu', window renderer 'Core/PopupMenu' Look'N'Feel 'TaharezLook/PopupMenu' and RenderEffect ''. (0116C53C)
11/09/2020 02:43:51 (Std) 	Creating falagard mapping for type 'TaharezLook/MenuItem' using base type 'CEGUI/MenuItem', window renderer 'Core/MenuItem' Look'N'Feel 'TaharezLook/MenuItem' and RenderEffect ''. (0116C53C)
11/09/2020 02:43:51 (Std) 	Creating falagard mapping for type 'TaharezLook/AlternateProgressBar' using base type 'CEGUI/ProgressBar', window renderer 'Core/ProgressBar' Look'N'Feel 'TaharezLook/AltProgressBar' and RenderEffect ''. (0116C53C)
11/09/2020 02:43:51 (Std) 	Creating falagard mapping for type 'TaharezLook/ProgressBar' using base type 'CEGUI/ProgressBar', window renderer 'Core/ProgressBar' Look'N'Feel 'TaharezLook/ProgressBar' and RenderEffect ''. (0116C53C)
11/09/2020 02:43:51 (Std) 	Creating falagard mapping for type 'TaharezLook/VUMeter' using base type 'CEGUI/ProgressBar', window renderer 'Core/ProgressBar' Look'N'Feel 'TaharezLook/VUMeter' and RenderEffect ''. (0116C53C)
11/09/2020 02:43:51 (Std) 	Creating falagard mapping for type 'TaharezLook/VerticalScrollbar' using base type 'CEGUI/Scrollbar', window renderer 'Core/Scrollbar' Look'N'Feel 'TaharezLook/VerticalScrollbar' and RenderEffect ''. (0116C53C)
11/09/2020 02:43:51 (Std) 	Creating falagard mapping for type 'TaharezLook/HorizontalScrollbar' using base type 'CEGUI/Scrollbar', window renderer 'Core/Scrollbar' Look'N'Feel 'TaharezLook/HorizontalScrollbar' and RenderEffect ''. (0116C53C)
11/09/2020 02:43:51 (Std) 	Creating falagard mapping for type 'TaharezLook/VerticalScrollbarThumb' using base type 'CEGUI/Thumb', window renderer 'Core/Button' Look'N'Feel 'TaharezLook/VerticalScrollbarThumb' and RenderEffect ''. (0116C53C)
11/09/2020 02:43:51 (Std) 	Creating falagard mapping for type 'TaharezLook/HorizontalScrollbarThumb' using base type 'CEGUI/Thumb', window renderer 'Core/Button' Look'N'Feel 'TaharezLook/HorizontalScrollbarThumb' and RenderEffect ''. (0116C53C)
11/09/2020 02:43:51 (Std) 	Creating falagard mapping for type 'TaharezLook/LargeVerticalScrollbar' using base type 'CEGUI/Scrollbar', window renderer 'Core/Scrollbar' Look'N'Feel 'TaharezLook/LargeVerticalScrollbar' and RenderEffect ''. (0116C53C)
11/09/2020 02:43:51 (Std) 	Creating falagard mapping for type 'TaharezLook/LargeVerticalScrollbarThumb' using base type 'CEGUI/Thumb', window renderer 'Core/Button' Look'N'Feel 'TaharezLook/LargeVerticalScrollbarThumb' and RenderEffect ''. (0116C53C)
11/09/2020 02:43:51 (Std) 	Creating falagard mapping for type 'TaharezLook/TabButton' using base type 'CEGUI/TabButton', window renderer 'Core/TabButton' Look'N'Feel 'TaharezLook/TabButton' and RenderEffect ''. (0116C53C)
11/09/2020 02:43:51 (Std) 	Creating falagard mapping for type 'TaharezLook/TabControl' using base type 'CEGUI/TabControl', window renderer 'Core/TabControl' Look'N'Feel 'TaharezLook/TabControl' and RenderEffect ''. (0116C53C)
11/09/2020 02:43:51 (Std) 	Creating falagard mapping for type 'TaharezLook/TabContentPane' using base type 'DefaultWindow', window renderer 'Core/Default' Look'N'Feel 'TaharezLook/TabContentPane' and RenderEffect ''. (0116C53C)
11/09/2020 02:43:51 (Std) 	Creating falagard mapping for type 'TaharezLook/TabButtonPane' using base type 'DefaultWindow', window renderer 'Core/Default' Look'N'Feel 'TaharezLook/TabButtonPane' and RenderEffect ''. (0116C53C)
11/09/2020 02:43:51 (Std) 	Creating falagard mapping for type 'TaharezLook/ComboDropList' using base type 'CEGUI/ComboDropList', window renderer 'Core/Listbox' Look'N'Feel 'TaharezLook/ComboDropList' and RenderEffect ''. (0116C53C)
11/09/2020 02:43:51 (Std) 	Creating falagard mapping for type 'TaharezLook/ComboEditbox' using base type 'CEGUI/Editbox', window renderer 'Core/Editbox' Look'N'Feel 'TaharezLook/ComboEditbox' and RenderEffect ''. (0116C53C)
11/09/2020 02:43:51 (Std) 	Creating falagard mapping for type 'TaharezLook/Combobox' using base type 'CEGUI/Combobox', window renderer 'Core/Default' Look'N'Feel 'TaharezLook/Combobox' and RenderEffect ''. (0116C53C)
11/09/2020 02:43:51 (Std) 	Creating falagard mapping for type 'TaharezLook/Listbox' using base type 'CEGUI/Listbox', window renderer 'Core/Listbox' Look'N'Feel 'TaharezLook/Listbox' and RenderEffect ''. (0116C53C)
11/09/2020 02:43:51 (Std) 	Creating falagard mapping for type 'TaharezLook/ListHeader' using base type 'CEGUI/ListHeader', window renderer 'Core/ListHeader' Look'N'Feel 'TaharezLook/ListHeader' and RenderEffect ''. (0116C53C)
11/09/2020 02:43:51 (Std) 	Creating falagard mapping for type 'TaharezLook/ListHeaderSegment' using base type 'CEGUI/ListHeaderSegment', window renderer 'Core/ListHeaderSegment' Look'N'Feel 'TaharezLook/ListHeaderSegment' and RenderEffect ''. (0116C53C)
11/09/2020 02:43:51 (Std) 	Creating falagard mapping for type 'TaharezLook/MultiColumnList' using base type 'CEGUI/MultiColumnList', window renderer 'Core/MultiColumnList' Look'N'Feel 'TaharezLook/MultiColumnList' and RenderEffect ''. (0116C53C)
11/09/2020 02:43:51 (Std) 	Creating falagard mapping for type 'TaharezLook/Slider' using base type 'CEGUI/Slider', window renderer 'Core/Slider' Look'N'Feel 'TaharezLook/Slider' and RenderEffect ''. (0116C53C)
11/09/2020 02:43:51 (Std) 	Creating falagard mapping for type 'TaharezLook/SliderThumb' using base type 'CEGUI/Thumb', window renderer 'Core/Button' Look'N'Feel 'TaharezLook/SliderThumb' and RenderEffect ''. (0116C53C)
11/09/2020 02:43:51 (Std) 	Creating falagard mapping for type 'TaharezLook/ScrollablePane' using base type 'CEGUI/ScrollablePane', window renderer 'Core/ScrollablePane' Look'N'Feel 'TaharezLook/ScrollablePane' and RenderEffect ''. (0116C53C)
11/09/2020 02:43:51 (Std) 	Creating falagard mapping for type 'TaharezLook/Spinner' using base type 'CEGUI/Spinner', window renderer 'Core/Default' Look'N'Feel 'TaharezLook/Spinner' and RenderEffect ''. (0116C53C)
11/09/2020 02:43:51 (Std) 	Creating falagard mapping for type 'TaharezLook/Tooltip' using base type 'CEGUI/Tooltip', window renderer 'Core/Tooltip' Look'N'Feel 'TaharezLook/Tooltip' and RenderEffect ''. (0116C53C)
11/09/2020 02:43:51 (Std) 	Creating falagard mapping for type 'TaharezLook/StaticImage' using base type 'DefaultWindow', window renderer 'Core/StaticImage' Look'N'Feel 'TaharezLook/StaticImage' and RenderEffect ''. (0116C53C)
11/09/2020 02:43:51 (Std) 	Creating falagard mapping for type 'TaharezLook/StaticText' using base type 'DefaultWindow', window renderer 'Core/StaticText' Look'N'Feel 'TaharezLook/StaticText' and RenderEffect ''. (0116C53C)
11/09/2020 02:43:51 (Std) 	Creating falagard mapping for type 'TaharezLook/ItemListbox' using base type 'CEGUI/ItemListbox', window renderer 'Core/ItemListbox' Look'N'Feel 'TaharezLook/ItemListbox' and RenderEffect ''. (0116C53C)
11/09/2020 02:43:51 (Std) 	Creating falagard mapping for type 'TaharezLook/ListboxItem' using base type 'CEGUI/ItemEntry', window renderer 'Core/ItemEntry' Look'N'Feel 'TaharezLook/ListboxItem' and RenderEffect ''. (0116C53C)
11/09/2020 02:43:51 (Std) 	Creating falagard mapping for type 'TaharezLook/GroupBox' using base type 'DefaultWindow', window renderer 'Core/Default' Look'N'Feel 'TaharezLook/GroupBox' and RenderEffect ''. (0116C53C)
11/09/2020 02:43:51 (Std) 	Creating falagard mapping for type 'TaharezLook/Tree' using base type 'CEGUI/Tree', window renderer 'Core/Tree' Look'N'Feel 'TaharezLook/Tree' and RenderEffect ''. (0116C53C)
11/09/2020 02:43:51 (Std) 	[OpenGLRenderer] Created texture: DejaVuSans-10_auto_glyph_images_32
11/09/2020 02:44:31 (Std) 	Started creation of Scheme from XML specification:
11/09/2020 02:44:31 (Std) 	---- CEGUI GUIScheme name: TaharezLook
11/09/2020 02:44:31 (Std) 	---- Returning existing instance of Scheme named 'TaharezLook'.
11/09/2020 02:44:31 (Std) 	---- Returning existing instance of Font named 'DejaVuSans-10'.
11/09/2020 02:44:31 (Std) 	[OpenGLRenderer] Created texture: _ogl_tt_tex_0
11/09/2020 02:44:31 (Std) 	[OpenGLRenderer] Created texture: _ogl_tt_tex_1
11/09/2020 02:44:50 (Std) 	[OpenGLRenderer] Destroyed texture: _ogl_tt_tex_0
11/09/2020 02:44:50 (Std) 	[OpenGLRenderer] Destroyed texture: _ogl_tt_tex_1
11/09/2020 02:44:50 (Std) 	Started creation of Scheme from XML specification:
11/09/2020 02:44:50 (Std) 	---- CEGUI GUIScheme name: TaharezLook
11/09/2020 02:44:50 (Std) 	---- Returning existing instance of Scheme named 'TaharezLook'.
11/09/2020 02:44:50 (Std) 	---- Returning existing instance of Font named 'DejaVuSans-10'.
11/09/2020 02:45:03 (Error)	[WindowManager] Attempt to delete Window that does not exist!  Address was: (0116F044). WARNING: This could indicate a double-deletion issue!!
11/09/2020 02:45:03 (Error)	[WindowManager] Attempt to delete Window that does not exist!  Address was: (0116F044). WARNING: This could indicate a double-deletion issue!!
11/09/2020 02:45:03 (Error)	[WindowManager] Attempt to delete Window that does not exist!  Address was: (0116F044). WARNING: This could indicate a double-deletion issue!!
